2017-04-19 15:48:00,427 INFO  [Log] Establish connection to DB -> SUCCESS 
2017-04-19 15:48:00,429 INFO  [Log] Data erased in table - products 
2017-04-19 15:48:00,430 INFO  [Log] ---------------------------------------------------------------------------------------- 
2017-04-19 15:48:00,430 INFO  [Log] $$$$$$$$$$$$$$$$$$$$$              TestCases_001@a9e816       $$$$$$$$$$$$$$$$$$$$$$$$$ 
2017-04-19 15:48:00,430 INFO  [Log] ---------------------------------------------------------------------------------------- 
2017-04-19 15:48:17,725 INFO  [Log] -------------------              searchForTopSellsProducts        ---------------------- 
2017-04-19 15:48:19,074 INFO  [Log] "Phones & smartPhones" link is found on the Main Page 
2017-04-19 15:48:22,359 INFO  [Log] "Phones" link is found on the Phone Page 
2017-04-19 15:48:26,641 INFO  [Log] "SmartPhones-Page1" link is found on the Phone Page 
2017-04-19 15:48:34,163 INFO  [Log] There are 1 topsells products, and 1 prices on the http://rozetka.com.ua/mobile-phones/c80003/preset=smartfon/ 
2017-04-19 15:48:34,259 INFO  [Log] Establish connection to DB -> SUCCESS 
2017-04-19 15:48:34,296 INFO  [Log] Data stored to DB 
2017-04-19 15:48:34,607 INFO  [Log] "Page2" link is found on the Phone Page 
2017-04-19 15:49:22,915 INFO  [Log] There are 0 topsells products, and 0 prices on the http://rozetka.com.ua/mobile-phones/c80003/page=2;preset=smartfon/ 
2017-04-19 15:49:22,932 INFO  [Log] Establish connection to DB -> SUCCESS 
2017-04-19 15:49:22,932 INFO  [Log] Data stored to DB 
2017-04-19 15:49:23,105 ERROR [Log] Link is NOT found on the SmartPhones Page 
2017-04-19 15:49:23,123 INFO  [Log] -----------------------           --- END ---       -------------------------- 
2017-04-19 15:49:25,484 INFO  [Log] Load data from  DB to logfile 
2017-04-19 15:49:25,484 INFO  [Log] Establish connection to DB -> SUCCESS 
2017-04-19 15:49:25,486 INFO  [Log] topsells products on - page1 URL - (http://rozetka.com.ua/mobile-phones/c80003/preset=smartfon/) Name -Meizu M3 Note 16GB Silver (Международная версия) Price - 3 399 грн 
2017-04-19 15:49:25,486 INFO  [Log] Load data from DB -> SUCCESS 
